2018-06-23 03:48:27 Warning: Warning (2): Cannot modify header information - headers already sent by (output started at G:\xampp\htdocs\TADIEX\src\Controller\Component\CommonsComponent.php:24) in [G:\xampp\htdocs\TADIEX\vendor\cakephp\cakephp\src\Http\ResponseEmitter.php, line 149]
Request URL: /users/profile/demo
Referer URL: http://localhost:88/TADIEX/offers/trade/1
Trace:
Cake\Error\BaseErrorHandler::handleError() - CORE\src\Error\BaseErrorHandler.php, line 153
header - [internal], line ??
Cake\Http\ResponseEmitter::emitStatusLine() - CORE\src\Http\ResponseEmitter.php, line 149
Cake\Http\ResponseEmitter::emit() - CORE\src\Http\ResponseEmitter.php, line 54
Cake\Http\Server::emit() - CORE\src\Http\Server.php, line 141
[main] - ROOT\webroot\index.php, line 37



2018-06-23 03:48:27 Warning: Warning (2): Cannot modify header information - headers already sent by (output started at G:\xampp\htdocs\TADIEX\src\Controller\Component\CommonsComponent.php:24) in [G:\xampp\htdocs\TADIEX\vendor\cakephp\cakephp\src\Http\ResponseEmitter.php, line 181]
Request URL: /users/profile/demo
Referer URL: http://localhost:88/TADIEX/offers/trade/1
Trace:
Cake\Error\BaseErrorHandler::handleError() - CORE\src\Error\BaseErrorHandler.php, line 153
header - [internal], line ??
Cake\Http\ResponseEmitter::emitHeaders() - CORE\src\Http\ResponseEmitter.php, line 181
Cake\Http\ResponseEmitter::emit() - CORE\src\Http\ResponseEmitter.php, line 55
Cake\Http\Server::emit() - CORE\src\Http\Server.php, line 141
[main] - ROOT\webroot\index.php, line 37



2018-06-23 03:48:27 Warning: Warning (2): Cannot modify header information - headers already sent by (output started at G:\xampp\htdocs\TADIEX\src\Controller\Component\CommonsComponent.php:24) in [G:\xampp\htdocs\TADIEX\vendor\cakephp\cakephp\src\Http\ResponseEmitter.php, line 181]
Request URL: /users/profile/demo
Referer URL: http://localhost:88/TADIEX/offers/trade/1
Trace:
Cake\Error\BaseErrorHandler::handleError() - CORE\src\Error\BaseErrorHandler.php, line 153
header - [internal], line ??
Cake\Http\ResponseEmitter::emitHeaders() - CORE\src\Http\ResponseEmitter.php, line 181
Cake\Http\ResponseEmitter::emit() - CORE\src\Http\ResponseEmitter.php, line 55
Cake\Http\Server::emit() - CORE\src\Http\Server.php, line 141
[main] - ROOT\webroot\index.php, line 37



2018-06-23 04:03:15 Error: [InvalidArgumentException] The limit association is not defined on LogLogin.
Request URL: /users/profile/demo
Referer URL: http://localhost:88/TADIEX/offers/trade/1
Stack Trace:
#0 G:\xampp\htdocs\TADIEX\vendor\cakephp\cakephp\src\ORM\EagerLoader.php(539): Cake\ORM\Table->getAssociation('limit')
#1 G:\xampp\htdocs\TADIEX\vendor\cakephp\cakephp\src\ORM\EagerLoader.php(573): Cake\ORM\EagerLoader->_normalizeContain(Object(App\Model\Table\LogLoginTable), 'limit', Array, Array)
#2 G:\xampp\htdocs\TADIEX\vendor\cakephp\cakephp\src\ORM\EagerLoader.php(366): Cake\ORM\EagerLoader->_normalizeContain(Object(App\Model\Table\UsersTable), 'LogLogin', Array, Array)
#3 G:\xampp\htdocs\TADIEX\vendor\cakephp\cakephp\src\ORM\EagerLoader.php(495): Cake\ORM\EagerLoader->normalized(Object(App\Model\Table\UsersTable))
#4 G:\xampp\htdocs\TADIEX\vendor\cakephp\cakephp\src\ORM\EagerLoader.php(466): Cake\ORM\EagerLoader->attachableAssociations(Object(App\Model\Table\UsersTable))
#5 G:\xampp\htdocs\TADIEX\vendor\cakephp\cakephp\src\ORM\Query.php(1124): Cake\ORM\EagerLoader->attachAssociations(Object(Cake\ORM\Query), Object(App\Model\Table\UsersTable), true)
#6 G:\xampp\htdocs\TADIEX\vendor\cakephp\cakephp\src\ORM\Query.php(1076): Cake\ORM\Query->_transformQuery()
#7 G:\xampp\htdocs\TADIEX\vendor\cakephp\cakephp\src\Database\Driver\Mysql.php(135): Cake\ORM\Query->sql()
#8 G:\xampp\htdocs\TADIEX\vendor\cakephp\cakephp\src\Database\Connection.php(275): Cake\Database\Driver\Mysql->prepare(Object(Cake\ORM\Query))
#9 G:\xampp\htdocs\TADIEX\vendor\cakephp\cakephp\src\Core\Retry\CommandRetry.php(67): Cake\Database\Connection->Cake\Database\{closure}()
#10 G:\xampp\htdocs\TADIEX\vendor\cakephp\cakephp\src\Database\Connection.php(282): Cake\Core\Retry\CommandRetry->run(Object(Closure))
#11 G:\xampp\htdocs\TADIEX\vendor\cakephp\cakephp\src\Database\Connection.php(332): Cake\Database\Connection->prepare(Object(Cake\ORM\Query))
#12 G:\xampp\htdocs\TADIEX\vendor\cakephp\cakephp\src\Core\Retry\CommandRetry.php(67): Cake\Database\Connection->Cake\Database\{closure}()
#13 G:\xampp\htdocs\TADIEX\vendor\cakephp\cakephp\src\Database\Connection.php(337): Cake\Core\Retry\CommandRetry->run(Object(Closure))
#14 G:\xampp\htdocs\TADIEX\vendor\cakephp\cakephp\src\Database\Query.php(219): Cake\Database\Connection->run(Object(Cake\ORM\Query))
#15 G:\xampp\htdocs\TADIEX\vendor\cakephp\cakephp\src\ORM\Query.php(1097): Cake\Database\Query->execute()
#16 G:\xampp\htdocs\TADIEX\vendor\cakephp\cakephp\src\Datasource\QueryTrait.php(309): Cake\ORM\Query->_execute()
#17 G:\xampp\htdocs\TADIEX\vendor\cakephp\cakephp\src\ORM\Query.php(1045): Cake\ORM\Query->_all()
#18 G:\xampp\htdocs\TADIEX\vendor\cakephp\cakephp\src\Datasource\QueryTrait.php(471): Cake\ORM\Query->all()
#19 G:\xampp\htdocs\TADIEX\src\Controller\UsersController.php(288): Cake\ORM\Query->first()
#20 G:\xampp\htdocs\TADIEX\vendor\cakephp\cakephp\src\Controller\Controller.php(594): App\Controller\UsersController->profile('demo')
#21 G:\xampp\htdocs\TADIEX\vendor\cakephp\cakephp\src\Http\ActionDispatcher.php(119): Cake\Controller\Controller->invokeAction()
#22 G:\xampp\htdocs\TADIEX\vendor\cakephp\cakephp\src\Http\ActionDispatcher.php(93): Cake\Http\ActionDispatcher->_invoke(Object(App\Controller\UsersController))
#23 G:\xampp\htdocs\TADIEX\vendor\cakephp\cakephp\src\Http\BaseApplication.php(228): Cake\Http\ActionDispatcher->dispatch(Object(Cake\Http\ServerRequest), Object(Cake\Http\Response))
#24 G:\xampp\htdocs\TADIEX\vendor\cakephp\cakephp\src\Http\Runner.php(65): Cake\Http\BaseApplication->__invoke(Object(Cake\Http\ServerRequest), Object(Cake\Http\Response), Object(Cake\Http\Runner))
#25 G:\xampp\htdocs\TADIEX\vendor\cakephp\cakephp\src\Routing\Middleware\RoutingMiddleware.php(158): Cake\Http\Runner->__invoke(Object(Cake\Http\ServerRequest), Object(Cake\Http\Response))
#26 G:\xampp\htdocs\TADIEX\vendor\cakephp\cakephp\src\Http\Runner.php(65): Cake\Routing\Middleware\RoutingMiddleware->__invoke(Object(Cake\Http\ServerRequest), Object(Cake\Http\Response), Object(Cake\Http\Runner))
#27 G:\xampp\htdocs\TADIEX\vendor\cakephp\cakephp\src\Routing\Middleware\AssetMiddleware.php(88): Cake\Http\Runner->__invoke(Object(Cake\Http\ServerRequest), Object(Cake\Http\Response))
#28 G:\xampp\htdocs\TADIEX\vendor\cakephp\cakephp\src\Http\Runner.php(65): Cake\Routing\Middleware\AssetMiddleware->__invoke(Object(Cake\Http\ServerRequest), Object(Cake\Http\Response), Object(Cake\Http\Runner))
#29 G:\xampp\htdocs\TADIEX\vendor\cakephp\cakephp\src\Error\Middleware\ErrorHandlerMiddleware.php(98): Cake\Http\Runner->__invoke(Object(Cake\Http\ServerRequest), Object(Cake\Http\Response))
#30 G:\xampp\htdocs\TADIEX\vendor\cakephp\cakephp\src\Http\Runner.php(65): Cake\Error\Middleware\ErrorHandlerMiddleware->__invoke(Object(Cake\Http\ServerRequest), Object(Cake\Http\Response), Object(Cake\Http\Runner))
#31 G:\xampp\htdocs\TADIEX\vendor\cakephp\cakephp\src\Http\Runner.php(51): Cake\Http\Runner->__invoke(Object(Cake\Http\ServerRequest), Object(Cake\Http\Response))
#32 G:\xampp\htdocs\TADIEX\vendor\cakephp\cakephp\src\Http\Server.php(98): Cake\Http\Runner->run(Object(Cake\Http\MiddlewareQueue), Object(Cake\Http\ServerRequest), Object(Cake\Http\Response))
#33 G:\xampp\htdocs\TADIEX\webroot\index.php(37): Cake\Http\Server->run()
#34 {main}


2018-06-23 04:05:14 Warning: Warning (512): Unable to emit headers. Headers sent in file=G:\xampp\htdocs\TADIEX\src\Controller\Component\CommonsComponent.php line=24 in [G:\xampp\htdocs\TADIEX\vendor\cakephp\cakephp\src\Http\ResponseEmitter.php, line 48]
Request URL: /users/profile/demo
Referer URL: http://localhost:88/TADIEX/offers/trade/1
Trace:
Cake\Error\BaseErrorHandler::handleError() - CORE\src\Error\BaseErrorHandler.php, line 153
Cake\Http\ResponseEmitter::emit() - CORE\src\Http\ResponseEmitter.php, line 48
Cake\Http\Server::emit() - CORE\src\Http\Server.php, line 141
[main] - ROOT\webroot\index.php, line 37



2018-06-23 04:05:14 Warning: Warning (2): Cannot modify header information - headers already sent by (output started at G:\xampp\htdocs\TADIEX\src\Controller\Component\CommonsComponent.php:24) in [G:\xampp\htdocs\TADIEX\vendor\cakephp\cakephp\src\Http\ResponseEmitter.php, line 149]
Request URL: /users/profile/demo
Referer URL: http://localhost:88/TADIEX/offers/trade/1
Trace:
Cake\Error\BaseErrorHandler::handleError() - CORE\src\Error\BaseErrorHandler.php, line 153
header - [internal], line ??
Cake\Http\ResponseEmitter::emitStatusLine() - CORE\src\Http\ResponseEmitter.php, line 149
Cake\Http\ResponseEmitter::emit() - CORE\src\Http\ResponseEmitter.php, line 54
Cake\Http\Server::emit() - CORE\src\Http\Server.php, line 141
[main] - ROOT\webroot\index.php, line 37



2018-06-23 04:05:14 Warning: Warning (2): Cannot modify header information - headers already sent by (output started at G:\xampp\htdocs\TADIEX\src\Controller\Component\CommonsComponent.php:24) in [G:\xampp\htdocs\TADIEX\vendor\cakephp\cakephp\src\Http\ResponseEmitter.php, line 181]
Request URL: /users/profile/demo
Referer URL: http://localhost:88/TADIEX/offers/trade/1
Trace:
Cake\Error\BaseErrorHandler::handleError() - CORE\src\Error\BaseErrorHandler.php, line 153
header - [internal], line ??
Cake\Http\ResponseEmitter::emitHeaders() - CORE\src\Http\ResponseEmitter.php, line 181
Cake\Http\ResponseEmitter::emit() - CORE\src\Http\ResponseEmitter.php, line 55
Cake\Http\Server::emit() - CORE\src\Http\Server.php, line 141
[main] - ROOT\webroot\index.php, line 37



2018-06-23 04:05:14 Warning: Warning (2): Cannot modify header information - headers already sent by (output started at G:\xampp\htdocs\TADIEX\src\Controller\Component\CommonsComponent.php:24) in [G:\xampp\htdocs\TADIEX\vendor\cakephp\cakephp\src\Http\ResponseEmitter.php, line 181]
Request URL: /users/profile/demo
Referer URL: http://localhost:88/TADIEX/offers/trade/1
Trace:
Cake\Error\BaseErrorHandler::handleError() - CORE\src\Error\BaseErrorHandler.php, line 153
header - [internal], line ??
Cake\Http\ResponseEmitter::emitHeaders() - CORE\src\Http\ResponseEmitter.php, line 181
Cake\Http\ResponseEmitter::emit() - CORE\src\Http\ResponseEmitter.php, line 55
Cake\Http\Server::emit() - CORE\src\Http\Server.php, line 141
[main] - ROOT\webroot\index.php, line 37



2018-06-23 04:05:25 Warning: Warning (512): Unable to emit headers. Headers sent in file=G:\xampp\htdocs\TADIEX\src\Controller\Component\CommonsComponent.php line=24 in [G:\xampp\htdocs\TADIEX\vendor\cakephp\cakephp\src\Http\ResponseEmitter.php, line 48]
Request URL: /users/profile/demo
Referer URL: http://localhost:88/TADIEX/offers/trade/1
Trace:
Cake\Error\BaseErrorHandler::handleError() - CORE\src\Error\BaseErrorHandler.php, line 153
Cake\Http\ResponseEmitter::emit() - CORE\src\Http\ResponseEmitter.php, line 48
Cake\Http\Server::emit() - CORE\src\Http\Server.php, line 141
[main] - ROOT\webroot\index.php, line 37



2018-06-23 04:05:25 Warning: Warning (2): Cannot modify header information - headers already sent by (output started at G:\xampp\htdocs\TADIEX\src\Controller\Component\CommonsComponent.php:24) in [G:\xampp\htdocs\TADIEX\vendor\cakephp\cakephp\src\Http\ResponseEmitter.php, line 149]
Request URL: /users/profile/demo
Referer URL: http://localhost:88/TADIEX/offers/trade/1
Trace:
Cake\Error\BaseErrorHandler::handleError() - CORE\src\Error\BaseErrorHandler.php, line 153
header - [internal], line ??
Cake\Http\ResponseEmitter::emitStatusLine() - CORE\src\Http\ResponseEmitter.php, line 149
Cake\Http\ResponseEmitter::emit() - CORE\src\Http\ResponseEmitter.php, line 54
Cake\Http\Server::emit() - CORE\src\Http\Server.php, line 141
[main] - ROOT\webroot\index.php, line 37



2018-06-23 04:05:25 Warning: Warning (2): Cannot modify header information - headers already sent by (output started at G:\xampp\htdocs\TADIEX\src\Controller\Component\CommonsComponent.php:24) in [G:\xampp\htdocs\TADIEX\vendor\cakephp\cakephp\src\Http\ResponseEmitter.php, line 181]
Request URL: /users/profile/demo
Referer URL: http://localhost:88/TADIEX/offers/trade/1
Trace:
Cake\Error\BaseErrorHandler::handleError() - CORE\src\Error\BaseErrorHandler.php, line 153
header - [internal], line ??
Cake\Http\ResponseEmitter::emitHeaders() - CORE\src\Http\ResponseEmitter.php, line 181
Cake\Http\ResponseEmitter::emit() - CORE\src\Http\ResponseEmitter.php, line 55
Cake\Http\Server::emit() - CORE\src\Http\Server.php, line 141
[main] - ROOT\webroot\index.php, line 37



2018-06-23 04:05:25 Warning: Warning (2): Cannot modify header information - headers already sent by (output started at G:\xampp\htdocs\TADIEX\src\Controller\Component\CommonsComponent.php:24) in [G:\xampp\htdocs\TADIEX\vendor\cakephp\cakephp\src\Http\ResponseEmitter.php, line 181]
Request URL: /users/profile/demo
Referer URL: http://localhost:88/TADIEX/offers/trade/1
Trace:
Cake\Error\BaseErrorHandler::handleError() - CORE\src\Error\BaseErrorHandler.php, line 153
header - [internal], line ??
Cake\Http\ResponseEmitter::emitHeaders() - CORE\src\Http\ResponseEmitter.php, line 181
Cake\Http\ResponseEmitter::emit() - CORE\src\Http\ResponseEmitter.php, line 55
Cake\Http\Server::emit() - CORE\src\Http\Server.php, line 141
[main] - ROOT\webroot\index.php, line 37



2018-06-23 04:05:48 Error: [Cake\Routing\Exception\MissingControllerException] Controller class Css could not be found.
Exception Attributes: array (
  'class' => 'Css',
  'plugin' => false,
  'prefix' => false,
  '_ext' => false,
)
Request URL: /css/bootstrap.min.css.map
Stack Trace:
#0 G:\xampp\htdocs\TADIEX\vendor\cakephp\cakephp\src\Http\ControllerFactory.php(38): Cake\Http\ControllerFactory->missingController(Object(Cake\Http\ServerRequest))
#1 G:\xampp\htdocs\TADIEX\vendor\cakephp\cakephp\src\Http\ActionDispatcher.php(90): Cake\Http\ControllerFactory->create(Object(Cake\Http\ServerRequest), Object(Cake\Http\Response))
#2 G:\xampp\htdocs\TADIEX\vendor\cakephp\cakephp\src\Http\BaseApplication.php(228): Cake\Http\ActionDispatcher->dispatch(Object(Cake\Http\ServerRequest), Object(Cake\Http\Response))
#3 G:\xampp\htdocs\TADIEX\vendor\cakephp\cakephp\src\Http\Runner.php(65): Cake\Http\BaseApplication->__invoke(Object(Cake\Http\ServerRequest), Object(Cake\Http\Response), Object(Cake\Http\Runner))
#4 G:\xampp\htdocs\TADIEX\vendor\cakephp\cakephp\src\Routing\Middleware\RoutingMiddleware.php(158): Cake\Http\Runner->__invoke(Object(Cake\Http\ServerRequest), Object(Cake\Http\Response))
#5 G:\xampp\htdocs\TADIEX\vendor\cakephp\cakephp\src\Http\Runner.php(65): Cake\Routing\Middleware\RoutingMiddleware->__invoke(Object(Cake\Http\ServerRequest), Object(Cake\Http\Response), Object(Cake\Http\Runner))
#6 G:\xampp\htdocs\TADIEX\vendor\cakephp\cakephp\src\Routing\Middleware\AssetMiddleware.php(97): Cake\Http\Runner->__invoke(Object(Cake\Http\ServerRequest), Object(Cake\Http\Response))
#7 G:\xampp\htdocs\TADIEX\vendor\cakephp\cakephp\src\Http\Runner.php(65): Cake\Routing\Middleware\AssetMiddleware->__invoke(Object(Cake\Http\ServerRequest), Object(Cake\Http\Response), Object(Cake\Http\Runner))
#8 G:\xampp\htdocs\TADIEX\vendor\cakephp\cakephp\src\Error\Middleware\ErrorHandlerMiddleware.php(98): Cake\Http\Runner->__invoke(Object(Cake\Http\ServerRequest), Object(Cake\Http\Response))
#9 G:\xampp\htdocs\TADIEX\vendor\cakephp\cakephp\src\Http\Runner.php(65): Cake\Error\Middleware\ErrorHandlerMiddleware->__invoke(Object(Cake\Http\ServerRequest), Object(Cake\Http\Response), Object(Cake\Http\Runner))
#10 G:\xampp\htdocs\TADIEX\vendor\cakephp\cakephp\src\Http\Runner.php(51): Cake\Http\Runner->__invoke(Object(Cake\Http\ServerRequest), Object(Cake\Http\Response))
#11 G:\xampp\htdocs\TADIEX\vendor\cakephp\cakephp\src\Http\Server.php(98): Cake\Http\Runner->run(Object(Cake\Http\MiddlewareQueue), Object(Cake\Http\ServerRequest), Object(Cake\Http\Response))
#12 G:\xampp\htdocs\TADIEX\webroot\index.php(37): Cake\Http\Server->run()
#13 {main}


2018-06-23 04:07:26 Warning: Warning (512): Unable to emit headers. Headers sent in file=G:\xampp\htdocs\TADIEX\src\Controller\Component\CommonsComponent.php line=24 in [G:\xampp\htdocs\TADIEX\vendor\cakephp\cakephp\src\Http\ResponseEmitter.php, line 48]
Request URL: /users/profile/demo
Referer URL: http://localhost:88/TADIEX/offers/trade/1
Trace:
Cake\Error\BaseErrorHandler::handleError() - CORE\src\Error\BaseErrorHandler.php, line 153
Cake\Http\ResponseEmitter::emit() - CORE\src\Http\ResponseEmitter.php, line 48
Cake\Http\Server::emit() - CORE\src\Http\Server.php, line 141
[main] - ROOT\webroot\index.php, line 37



2018-06-23 04:07:26 Warning: Warning (2): Cannot modify header information - headers already sent by (output started at G:\xampp\htdocs\TADIEX\src\Controller\Component\CommonsComponent.php:24) in [G:\xampp\htdocs\TADIEX\vendor\cakephp\cakephp\src\Http\ResponseEmitter.php, line 149]
Request URL: /users/profile/demo
Referer URL: http://localhost:88/TADIEX/offers/trade/1
Trace:
Cake\Error\BaseErrorHandler::handleError() - CORE\src\Error\BaseErrorHandler.php, line 153
header - [internal], line ??
Cake\Http\ResponseEmitter::emitStatusLine() - CORE\src\Http\ResponseEmitter.php, line 149
Cake\Http\ResponseEmitter::emit() - CORE\src\Http\ResponseEmitter.php, line 54
Cake\Http\Server::emit() - CORE\src\Http\Server.php, line 141
[main] - ROOT\webroot\index.php, line 37



2018-06-23 04:07:26 Warning: Warning (2): Cannot modify header information - headers already sent by (output started at G:\xampp\htdocs\TADIEX\src\Controller\Component\CommonsComponent.php:24) in [G:\xampp\htdocs\TADIEX\vendor\cakephp\cakephp\src\Http\ResponseEmitter.php, line 181]
Request URL: /users/profile/demo
Referer URL: http://localhost:88/TADIEX/offers/trade/1
Trace:
Cake\Error\BaseErrorHandler::handleError() - CORE\src\Error\BaseErrorHandler.php, line 153
header - [internal], line ??
Cake\Http\ResponseEmitter::emitHeaders() - CORE\src\Http\ResponseEmitter.php, line 181
Cake\Http\ResponseEmitter::emit() - CORE\src\Http\ResponseEmitter.php, line 55
Cake\Http\Server::emit() - CORE\src\Http\Server.php, line 141
[main] - ROOT\webroot\index.php, line 37



2018-06-23 04:07:26 Warning: Warning (2): Cannot modify header information - headers already sent by (output started at G:\xampp\htdocs\TADIEX\src\Controller\Component\CommonsComponent.php:24) in [G:\xampp\htdocs\TADIEX\vendor\cakephp\cakephp\src\Http\ResponseEmitter.php, line 181]
Request URL: /users/profile/demo
Referer URL: http://localhost:88/TADIEX/offers/trade/1
Trace:
Cake\Error\BaseErrorHandler::handleError() - CORE\src\Error\BaseErrorHandler.php, line 153
header - [internal], line ??
Cake\Http\ResponseEmitter::emitHeaders() - CORE\src\Http\ResponseEmitter.php, line 181
Cake\Http\ResponseEmitter::emit() - CORE\src\Http\ResponseEmitter.php, line 55
Cake\Http\Server::emit() - CORE\src\Http\Server.php, line 141
[main] - ROOT\webroot\index.php, line 37



2018-06-23 04:08:33 Error: Fatal Error (4): syntax error, unexpected '=>' (T_DOUBLE_ARROW), expecting ']' in [G:\xampp\htdocs\TADIEX\src\Controller\UsersController.php, line 284]
Request URL: /users/refesh_auth_loged_in
Referer URL: http://localhost:88/TADIEX/users/profile/demo
Trace:
Cake\Error\BaseErrorHandler::handleFatalError() - CORE\src\Error\BaseErrorHandler.php, line 223
Cake\Error\BaseErrorHandler::Cake\Error\{closure}() - CORE\src\Error\BaseErrorHandler.php, line 105
[main] - [internal], line ??



2018-06-23 04:08:34 Error: [Cake\Error\FatalErrorException] syntax error, unexpected '=>' (T_DOUBLE_ARROW), expecting ']' in G:\xampp\htdocs\TADIEX\src\Controller\UsersController.php on line 284
Request URL: /users/refesh_auth_loged_in
Referer URL: http://localhost:88/TADIEX/users/profile/demo
Stack Trace:
#0 G:\xampp\htdocs\TADIEX\vendor\cakephp\cakephp\src\Error\BaseErrorHandler.php(105): Cake\Error\BaseErrorHandler->handleFatalError(4, 'syntax error, u...', 'G:\\xampp\\htdocs...', 284)
#1 [internal function]: Cake\Error\BaseErrorHandler->Cake\Error\{closure}()
#2 {main}


2018-06-23 04:08:38 Error: Fatal Error (4): syntax error, unexpected '=>' (T_DOUBLE_ARROW), expecting ']' in [G:\xampp\htdocs\TADIEX\src\Controller\UsersController.php, line 284]
Request URL: /users/refesh_auth_loged_in
Referer URL: http://localhost:88/TADIEX/users/profile/demo
Trace:
Cake\Error\BaseErrorHandler::handleFatalError() - CORE\src\Error\BaseErrorHandler.php, line 223
Cake\Error\BaseErrorHandler::Cake\Error\{closure}() - CORE\src\Error\BaseErrorHandler.php, line 105
[main] - [internal], line ??



2018-06-23 04:08:39 Error: [Cake\Error\FatalErrorException] syntax error, unexpected '=>' (T_DOUBLE_ARROW), expecting ']' in G:\xampp\htdocs\TADIEX\src\Controller\UsersController.php on line 284
Request URL: /users/refesh_auth_loged_in
Referer URL: http://localhost:88/TADIEX/users/profile/demo
Stack Trace:
#0 G:\xampp\htdocs\TADIEX\vendor\cakephp\cakephp\src\Error\BaseErrorHandler.php(105): Cake\Error\BaseErrorHandler->handleFatalError(4, 'syntax error, u...', 'G:\\xampp\\htdocs...', 284)
#1 [internal function]: Cake\Error\BaseErrorHandler->Cake\Error\{closure}()
#2 {main}


2018-06-23 04:08:43 Error: Fatal Error (4): syntax error, unexpected '=>' (T_DOUBLE_ARROW), expecting ']' in [G:\xampp\htdocs\TADIEX\src\Controller\UsersController.php, line 284]
Request URL: /users/refesh_auth_loged_in
Referer URL: http://localhost:88/TADIEX/users/profile/demo
Trace:
Cake\Error\BaseErrorHandler::handleFatalError() - CORE\src\Error\BaseErrorHandler.php, line 223
Cake\Error\BaseErrorHandler::Cake\Error\{closure}() - CORE\src\Error\BaseErrorHandler.php, line 105
[main] - [internal], line ??



2018-06-23 04:08:44 Error: [Cake\Error\FatalErrorException] syntax error, unexpected '=>' (T_DOUBLE_ARROW), expecting ']' in G:\xampp\htdocs\TADIEX\src\Controller\UsersController.php on line 284
Request URL: /users/refesh_auth_loged_in
Referer URL: http://localhost:88/TADIEX/users/profile/demo
Stack Trace:
#0 G:\xampp\htdocs\TADIEX\vendor\cakephp\cakephp\src\Error\BaseErrorHandler.php(105): Cake\Error\BaseErrorHandler->handleFatalError(4, 'syntax error, u...', 'G:\\xampp\\htdocs...', 284)
#1 [internal function]: Cake\Error\BaseErrorHandler->Cake\Error\{closure}()
#2 {main}


2018-06-23 04:08:52 Warning: Warning (2): session_regenerate_id(): Session object destruction failed in [G:\xampp\htdocs\TADIEX\vendor\cakephp\cakephp\src\Http\Session.php, line 593]
Request URL: /users/refesh_auth_loged_in
Referer URL: http://localhost:88/TADIEX/users/profile/demo
Trace:
Cake\Error\BaseErrorHandler::handleError() - CORE\src\Error\BaseErrorHandler.php, line 153
session_regenerate_id - [internal], line ??
Cake\Http\Session::renew() - CORE\src\Http\Session.php, line 593
Cake\Auth\Storage\SessionStorage::write() - CORE\src\Auth\Storage\SessionStorage.php, line 104
Cake\Controller\Component\AuthComponent::setUser() - CORE\src\Controller\Component\AuthComponent.php, line 681
App\Controller\UsersController::refeshAuthLogedIn() - APP/Controller\UsersController.php, line 208
Cake\Controller\Controller::invokeAction() - CORE\src\Controller\Controller.php, line 594
Cake\Http\ActionDispatcher::_invoke() - CORE\src\Http\ActionDispatcher.php, line 119
Cake\Http\ActionDispatcher::dispatch() - CORE\src\Http\ActionDispatcher.php, line 93
Cake\Http\BaseApplication::__invoke() - CORE\src\Http\BaseApplication.php, line 228
Cake\Http\Runner::__invoke() - CORE\src\Http\Runner.php, line 65
Cake\Routing\Middleware\RoutingMiddleware::__invoke() - CORE\src\Routing\Middleware\RoutingMiddleware.php, line 158
Cake\Http\Runner::__invoke() - CORE\src\Http\Runner.php, line 65
Cake\Routing\Middleware\AssetMiddleware::__invoke() - CORE\src\Routing\Middleware\AssetMiddleware.php, line 88
Cake\Http\Runner::__invoke() - CORE\src\Http\Runner.php, line 65
Cake\Error\Middleware\ErrorHandlerMiddleware::__invoke() - CORE\src\Error\Middleware\ErrorHandlerMiddleware.php, line 98
Cake\Http\Runner::__invoke() - CORE\src\Http\Runner.php, line 65
Cake\Http\Runner::run() - CORE\src\Http\Runner.php, line 51
Cake\Http\Server::run() - CORE\src\Http\Server.php, line 98
[main] - ROOT\webroot\index.php, line 37



2018-06-23 04:08:53 Error: [InvalidArgumentException] You are required to select the "Trades.user_id" field(s)
Request URL: /users/profile/demo
Referer URL: http://localhost:88/TADIEX/offers/trade/1
Stack Trace:
#0 G:\xampp\htdocs\TADIEX\vendor\cakephp\cakephp\src\ORM\Association\Loader\SelectLoader.php(198): Cake\ORM\Association\Loader\SelectLoader->_assertFieldsPresent(Object(Cake\ORM\Query), Array)
#1 G:\xampp\htdocs\TADIEX\vendor\cakephp\cakephp\src\ORM\Association\Loader\SelectLoader.php(124): Cake\ORM\Association\Loader\SelectLoader->_buildQuery(Array)
#2 G:\xampp\htdocs\TADIEX\vendor\cakephp\cakephp\src\ORM\Association\HasMany.php(695): Cake\ORM\Association\Loader\SelectLoader->buildEagerLoader(Array)
#3 G:\xampp\htdocs\TADIEX\vendor\cakephp\cakephp\src\ORM\EagerLoader.php(702): Cake\ORM\Association\HasMany->eagerLoader(Array)
#4 G:\xampp\htdocs\TADIEX\vendor\cakephp\cakephp\src\ORM\Query.php(1097): Cake\ORM\EagerLoader->loadExternal(Object(Cake\ORM\Query), Object(Cake\Database\Statement\CallbackStatement))
#5 G:\xampp\htdocs\TADIEX\vendor\cakephp\cakephp\src\Datasource\QueryTrait.php(309): Cake\ORM\Query->_execute()
#6 G:\xampp\htdocs\TADIEX\vendor\cakephp\cakephp\src\ORM\Query.php(1045): Cake\ORM\Query->_all()
#7 G:\xampp\htdocs\TADIEX\vendor\cakephp\cakephp\src\Datasource\QueryTrait.php(471): Cake\ORM\Query->all()
#8 G:\xampp\htdocs\TADIEX\src\Controller\UsersController.php(292): Cake\ORM\Query->first()
#9 G:\xampp\htdocs\TADIEX\vendor\cakephp\cakephp\src\Controller\Controller.php(594): App\Controller\UsersController->profile('demo')
#10 G:\xampp\htdocs\TADIEX\vendor\cakephp\cakephp\src\Http\ActionDispatcher.php(119): Cake\Controller\Controller->invokeAction()
#11 G:\xampp\htdocs\TADIEX\vendor\cakephp\cakephp\src\Http\ActionDispatcher.php(93): Cake\Http\ActionDispatcher->_invoke(Object(App\Controller\UsersController))
#12 G:\xampp\htdocs\TADIEX\vendor\cakephp\cakephp\src\Http\BaseApplication.php(228): Cake\Http\ActionDispatcher->dispatch(Object(Cake\Http\ServerRequest), Object(Cake\Http\Response))
#13 G:\xampp\htdocs\TADIEX\vendor\cakephp\cakephp\src\Http\Runner.php(65): Cake\Http\BaseApplication->__invoke(Object(Cake\Http\ServerRequest), Object(Cake\Http\Response), Object(Cake\Http\Runner))
#14 G:\xampp\htdocs\TADIEX\vendor\cakephp\cakephp\src\Routing\Middleware\RoutingMiddleware.php(158): Cake\Http\Runner->__invoke(Object(Cake\Http\ServerRequest), Object(Cake\Http\Response))
#15 G:\xampp\htdocs\TADIEX\vendor\cakephp\cakephp\src\Http\Runner.php(65): Cake\Routing\Middleware\RoutingMiddleware->__invoke(Object(Cake\Http\ServerRequest), Object(Cake\Http\Response), Object(Cake\Http\Runner))
#16 G:\xampp\htdocs\TADIEX\vendor\cakephp\cakephp\src\Routing\Middleware\AssetMiddleware.php(88): Cake\Http\Runner->__invoke(Object(Cake\Http\ServerRequest), Object(Cake\Http\Response))
#17 G:\xampp\htdocs\TADIEX\vendor\cakephp\cakephp\src\Http\Runner.php(65): Cake\Routing\Middleware\AssetMiddleware->__invoke(Object(Cake\Http\ServerRequest), Object(Cake\Http\Response), Object(Cake\Http\Runner))
#18 G:\xampp\htdocs\TADIEX\vendor\cakephp\cakephp\src\Error\Middleware\ErrorHandlerMiddleware.php(98): Cake\Http\Runner->__invoke(Object(Cake\Http\ServerRequest), Object(Cake\Http\Response))
#19 G:\xampp\htdocs\TADIEX\vendor\cakephp\cakephp\src\Http\Runner.php(65): Cake\Error\Middleware\ErrorHandlerMiddleware->__invoke(Object(Cake\Http\ServerRequest), Object(Cake\Http\Response), Object(Cake\Http\Runner))
#20 G:\xampp\htdocs\TADIEX\vendor\cakephp\cakephp\src\Http\Runner.php(51): Cake\Http\Runner->__invoke(Object(Cake\Http\ServerRequest), Object(Cake\Http\Response))
#21 G:\xampp\htdocs\TADIEX\vendor\cakephp\cakephp\src\Http\Server.php(98): Cake\Http\Runner->run(Object(Cake\Http\MiddlewareQueue), Object(Cake\Http\ServerRequest), Object(Cake\Http\Response))
#22 G:\xampp\htdocs\TADIEX\webroot\index.php(37): Cake\Http\Server->run()
#23 {main}


2018-06-23 04:09:13 Error: [InvalidArgumentException] The Trades association is not defined on Trades.
Request URL: /users/profile/demo
Referer URL: http://localhost:88/TADIEX/offers/trade/1
Stack Trace:
#0 G:\xampp\htdocs\TADIEX\vendor\cakephp\cakephp\src\ORM\EagerLoader.php(539): Cake\ORM\Table->getAssociation('Trades')
#1 G:\xampp\htdocs\TADIEX\vendor\cakephp\cakephp\src\ORM\EagerLoader.php(573): Cake\ORM\EagerLoader->_normalizeContain(Object(App\Model\Table\TradesTable), 'Trades', Array, Array)
#2 G:\xampp\htdocs\TADIEX\vendor\cakephp\cakephp\src\ORM\EagerLoader.php(366): Cake\ORM\EagerLoader->_normalizeContain(Object(App\Model\Table\UsersTable), 'Trades', Array, Array)
#3 G:\xampp\htdocs\TADIEX\vendor\cakephp\cakephp\src\ORM\EagerLoader.php(495): Cake\ORM\EagerLoader->normalized(Object(App\Model\Table\UsersTable))
#4 G:\xampp\htdocs\TADIEX\vendor\cakephp\cakephp\src\ORM\EagerLoader.php(466): Cake\ORM\EagerLoader->attachableAssociations(Object(App\Model\Table\UsersTable))
#5 G:\xampp\htdocs\TADIEX\vendor\cakephp\cakephp\src\ORM\Query.php(1124): Cake\ORM\EagerLoader->attachAssociations(Object(Cake\ORM\Query), Object(App\Model\Table\UsersTable), true)
#6 G:\xampp\htdocs\TADIEX\vendor\cakephp\cakephp\src\ORM\Query.php(1076): Cake\ORM\Query->_transformQuery()
#7 G:\xampp\htdocs\TADIEX\vendor\cakephp\cakephp\src\Database\Driver\Mysql.php(135): Cake\ORM\Query->sql()
#8 G:\xampp\htdocs\TADIEX\vendor\cakephp\cakephp\src\Database\Connection.php(275): Cake\Database\Driver\Mysql->prepare(Object(Cake\ORM\Query))
#9 G:\xampp\htdocs\TADIEX\vendor\cakephp\cakephp\src\Core\Retry\CommandRetry.php(67): Cake\Database\Connection->Cake\Database\{closure}()
#10 G:\xampp\htdocs\TADIEX\vendor\cakephp\cakephp\src\Database\Connection.php(282): Cake\Core\Retry\CommandRetry->run(Object(Closure))
#11 G:\xampp\htdocs\TADIEX\vendor\cakephp\cakephp\src\Database\Connection.php(332): Cake\Database\Connection->prepare(Object(Cake\ORM\Query))
#12 G:\xampp\htdocs\TADIEX\vendor\cakephp\cakephp\src\Core\Retry\CommandRetry.php(67): Cake\Database\Connection->Cake\Database\{closure}()
#13 G:\xampp\htdocs\TADIEX\vendor\cakephp\cakephp\src\Database\Connection.php(337): Cake\Core\Retry\CommandRetry->run(Object(Closure))
#14 G:\xampp\htdocs\TADIEX\vendor\cakephp\cakephp\src\Database\Query.php(219): Cake\Database\Connection->run(Object(Cake\ORM\Query))
#15 G:\xampp\htdocs\TADIEX\vendor\cakephp\cakephp\src\ORM\Query.php(1097): Cake\Database\Query->execute()
#16 G:\xampp\htdocs\TADIEX\vendor\cakephp\cakephp\src\Datasource\QueryTrait.php(309): Cake\ORM\Query->_execute()
#17 G:\xampp\htdocs\TADIEX\vendor\cakephp\cakephp\src\ORM\Query.php(1045): Cake\ORM\Query->_all()
#18 G:\xampp\htdocs\TADIEX\vendor\cakephp\cakephp\src\Datasource\QueryTrait.php(471): Cake\ORM\Query->all()
#19 G:\xampp\htdocs\TADIEX\src\Controller\UsersController.php(292): Cake\ORM\Query->first()
#20 G:\xampp\htdocs\TADIEX\vendor\cakephp\cakephp\src\Controller\Controller.php(594): App\Controller\UsersController->profile('demo')
#21 G:\xampp\htdocs\TADIEX\vendor\cakephp\cakephp\src\Http\ActionDispatcher.php(119): Cake\Controller\Controller->invokeAction()
#22 G:\xampp\htdocs\TADIEX\vendor\cakephp\cakephp\src\Http\ActionDispatcher.php(93): Cake\Http\ActionDispatcher->_invoke(Object(App\Controller\UsersController))
#23 G:\xampp\htdocs\TADIEX\vendor\cakephp\cakephp\src\Http\BaseApplication.php(228): Cake\Http\ActionDispatcher->dispatch(Object(Cake\Http\ServerRequest), Object(Cake\Http\Response))
#24 G:\xampp\htdocs\TADIEX\vendor\cakephp\cakephp\src\Http\Runner.php(65): Cake\Http\BaseApplication->__invoke(Object(Cake\Http\ServerRequest), Object(Cake\Http\Response), Object(Cake\Http\Runner))
#25 G:\xampp\htdocs\TADIEX\vendor\cakephp\cakephp\src\Routing\Middleware\RoutingMiddleware.php(158): Cake\Http\Runner->__invoke(Object(Cake\Http\ServerRequest), Object(Cake\Http\Response))
#26 G:\xampp\htdocs\TADIEX\vendor\cakephp\cakephp\src\Http\Runner.php(65): Cake\Routing\Middleware\RoutingMiddleware->__invoke(Object(Cake\Http\ServerRequest), Object(Cake\Http\Response), Object(Cake\Http\Runner))
#27 G:\xampp\htdocs\TADIEX\vendor\cakephp\cakephp\src\Routing\Middleware\AssetMiddleware.php(88): Cake\Http\Runner->__invoke(Object(Cake\Http\ServerRequest), Object(Cake\Http\Response))
#28 G:\xampp\htdocs\TADIEX\vendor\cakephp\cakephp\src\Http\Runner.php(65): Cake\Routing\Middleware\AssetMiddleware->__invoke(Object(Cake\Http\ServerRequest), Object(Cake\Http\Response), Object(Cake\Http\Runner))
#29 G:\xampp\htdocs\TADIEX\vendor\cakephp\cakephp\src\Error\Middleware\ErrorHandlerMiddleware.php(98): Cake\Http\Runner->__invoke(Object(Cake\Http\ServerRequest), Object(Cake\Http\Response))
#30 G:\xampp\htdocs\TADIEX\vendor\cakephp\cakephp\src\Http\Runner.php(65): Cake\Error\Middleware\ErrorHandlerMiddleware->__invoke(Object(Cake\Http\ServerRequest), Object(Cake\Http\Response), Object(Cake\Http\Runner))
#31 G:\xampp\htdocs\TADIEX\vendor\cakephp\cakephp\src\Http\Runner.php(51): Cake\Http\Runner->__invoke(Object(Cake\Http\ServerRequest), Object(Cake\Http\Response))
#32 G:\xampp\htdocs\TADIEX\vendor\cakephp\cakephp\src\Http\Server.php(98): Cake\Http\Runner->run(Object(Cake\Http\MiddlewareQueue), Object(Cake\Http\ServerRequest), Object(Cake\Http\Response))
#33 G:\xampp\htdocs\TADIEX\webroot\index.php(37): Cake\Http\Server->run()
#34 {main}


2018-06-23 04:09:32 Warning: Warning (512): Unable to emit headers. Headers sent in file=G:\xampp\htdocs\TADIEX\src\Controller\Component\CommonsComponent.php line=24 in [G:\xampp\htdocs\TADIEX\vendor\cakephp\cakephp\src\Http\ResponseEmitter.php, line 48]
Request URL: /users/profile/demo
Referer URL: http://localhost:88/TADIEX/offers/trade/1
Trace:
Cake\Error\BaseErrorHandler::handleError() - CORE\src\Error\BaseErrorHandler.php, line 153
Cake\Http\ResponseEmitter::emit() - CORE\src\Http\ResponseEmitter.php, line 48
Cake\Http\Server::emit() - CORE\src\Http\Server.php, line 141
[main] - ROOT\webroot\index.php, line 37



2018-06-23 04:09:32 Warning: Warning (2): Cannot modify header information - headers already sent by (output started at G:\xampp\htdocs\TADIEX\src\Controller\Component\CommonsComponent.php:24) in [G:\xampp\htdocs\TADIEX\vendor\cakephp\cakephp\src\Http\ResponseEmitter.php, line 149]
Request URL: /users/profile/demo
Referer URL: http://localhost:88/TADIEX/offers/trade/1
Trace:
Cake\Error\BaseErrorHandler::handleError() - CORE\src\Error\BaseErrorHandler.php, line 153
header - [internal], line ??
Cake\Http\ResponseEmitter::emitStatusLine() - CORE\src\Http\ResponseEmitter.php, line 149
Cake\Http\ResponseEmitter::emit() - CORE\src\Http\ResponseEmitter.php, line 54
Cake\Http\Server::emit() - CORE\src\Http\Server.php, line 141
[main] - ROOT\webroot\index.php, line 37



2018-06-23 04:09:32 Warning: Warning (2): Cannot modify header information - headers already sent by (output started at G:\xampp\htdocs\TADIEX\src\Controller\Component\CommonsComponent.php:24) in [G:\xampp\htdocs\TADIEX\vendor\cakephp\cakephp\src\Http\ResponseEmitter.php, line 181]
Request URL: /users/profile/demo
Referer URL: http://localhost:88/TADIEX/offers/trade/1
Trace:
Cake\Error\BaseErrorHandler::handleError() - CORE\src\Error\BaseErrorHandler.php, line 153
header - [internal], line ??
Cake\Http\ResponseEmitter::emitHeaders() - CORE\src\Http\ResponseEmitter.php, line 181
Cake\Http\ResponseEmitter::emit() - CORE\src\Http\ResponseEmitter.php, line 55
Cake\Http\Server::emit() - CORE\src\Http\Server.php, line 141
[main] - ROOT\webroot\index.php, line 37



2018-06-23 04:09:32 Warning: Warning (2): Cannot modify header information - headers already sent by (output started at G:\xampp\htdocs\TADIEX\src\Controller\Component\CommonsComponent.php:24) in [G:\xampp\htdocs\TADIEX\vendor\cakephp\cakephp\src\Http\ResponseEmitter.php, line 181]
Request URL: /users/profile/demo
Referer URL: http://localhost:88/TADIEX/offers/trade/1
Trace:
Cake\Error\BaseErrorHandler::handleError() - CORE\src\Error\BaseErrorHandler.php, line 153
header - [internal], line ??
Cake\Http\ResponseEmitter::emitHeaders() - CORE\src\Http\ResponseEmitter.php, line 181
Cake\Http\ResponseEmitter::emit() - CORE\src\Http\ResponseEmitter.php, line 55
Cake\Http\Server::emit() - CORE\src\Http\Server.php, line 141
[main] - ROOT\webroot\index.php, line 37



2018-06-23 04:14:41 Warning: Warning (512): Unable to emit headers. Headers sent in file=G:\xampp\htdocs\TADIEX\vendor\cakephp\cakephp\src\Error\Debugger.php line=853 in [G:\xampp\htdocs\TADIEX\vendor\cakephp\cakephp\src\Http\ResponseEmitter.php, line 48]
Request URL: /users/edit-profile
Referer URL: http://localhost:88/TADIEX/users/profile/demo
Trace:
Cake\Error\BaseErrorHandler::handleError() - CORE\src\Error\BaseErrorHandler.php, line 153
Cake\Http\ResponseEmitter::emit() - CORE\src\Http\ResponseEmitter.php, line 48
Cake\Http\Server::emit() - CORE\src\Http\Server.php, line 141
[main] - ROOT\webroot\index.php, line 37



2018-06-23 04:14:41 Warning: Warning (2): Cannot modify header information - headers already sent by (output started at G:\xampp\htdocs\TADIEX\vendor\cakephp\cakephp\src\Error\Debugger.php:853) in [G:\xampp\htdocs\TADIEX\vendor\cakephp\cakephp\src\Http\ResponseEmitter.php, line 149]
Request URL: /users/edit-profile
Referer URL: http://localhost:88/TADIEX/users/profile/demo
Trace:
Cake\Error\BaseErrorHandler::handleError() - CORE\src\Error\BaseErrorHandler.php, line 153
header - [internal], line ??
Cake\Http\ResponseEmitter::emitStatusLine() - CORE\src\Http\ResponseEmitter.php, line 149
Cake\Http\ResponseEmitter::emit() - CORE\src\Http\ResponseEmitter.php, line 54
Cake\Http\Server::emit() - CORE\src\Http\Server.php, line 141
[main] - ROOT\webroot\index.php, line 37



2018-06-23 04:14:41 Warning: Warning (2): Cannot modify header information - headers already sent by (output started at G:\xampp\htdocs\TADIEX\vendor\cakephp\cakephp\src\Error\Debugger.php:853) in [G:\xampp\htdocs\TADIEX\vendor\cakephp\cakephp\src\Http\ResponseEmitter.php, line 181]
Request URL: /users/edit-profile
Referer URL: http://localhost:88/TADIEX/users/profile/demo
Trace:
Cake\Error\BaseErrorHandler::handleError() - CORE\src\Error\BaseErrorHandler.php, line 153
header - [internal], line ??
Cake\Http\ResponseEmitter::emitHeaders() - CORE\src\Http\ResponseEmitter.php, line 181
Cake\Http\ResponseEmitter::emit() - CORE\src\Http\ResponseEmitter.php, line 55
Cake\Http\Server::emit() - CORE\src\Http\Server.php, line 141
[main] - ROOT\webroot\index.php, line 37



2018-06-23 04:14:41 Warning: Warning (2): Cannot modify header information - headers already sent by (output started at G:\xampp\htdocs\TADIEX\vendor\cakephp\cakephp\src\Error\Debugger.php:853) in [G:\xampp\htdocs\TADIEX\vendor\cakephp\cakephp\src\Http\ResponseEmitter.php, line 181]
Request URL: /users/edit-profile
Referer URL: http://localhost:88/TADIEX/users/profile/demo
Trace:
Cake\Error\BaseErrorHandler::handleError() - CORE\src\Error\BaseErrorHandler.php, line 153
header - [internal], line ??
Cake\Http\ResponseEmitter::emitHeaders() - CORE\src\Http\ResponseEmitter.php, line 181
Cake\Http\ResponseEmitter::emit() - CORE\src\Http\ResponseEmitter.php, line 55
Cake\Http\Server::emit() - CORE\src\Http\Server.php, line 141
[main] - ROOT\webroot\index.php, line 37



2018-06-23 04:19:27 Warning: Warning (2): session_regenerate_id(): Session object destruction failed in [G:\xampp\htdocs\TADIEX\vendor\cakephp\cakephp\src\Http\Session.php, line 593]
Request URL: /users/refesh_auth_loged_in
Referer URL: http://localhost:88/TADIEX/users/edit-profile
Trace:
Cake\Error\BaseErrorHandler::handleError() - CORE\src\Error\BaseErrorHandler.php, line 153
session_regenerate_id - [internal], line ??
Cake\Http\Session::renew() - CORE\src\Http\Session.php, line 593
Cake\Auth\Storage\SessionStorage::write() - CORE\src\Auth\Storage\SessionStorage.php, line 104
Cake\Controller\Component\AuthComponent::setUser() - CORE\src\Controller\Component\AuthComponent.php, line 681
App\Controller\UsersController::refeshAuthLogedIn() - APP/Controller\UsersController.php, line 208
Cake\Controller\Controller::invokeAction() - CORE\src\Controller\Controller.php, line 594
Cake\Http\ActionDispatcher::_invoke() - CORE\src\Http\ActionDispatcher.php, line 119
Cake\Http\ActionDispatcher::dispatch() - CORE\src\Http\ActionDispatcher.php, line 93
Cake\Http\BaseApplication::__invoke() - CORE\src\Http\BaseApplication.php, line 228
Cake\Http\Runner::__invoke() - CORE\src\Http\Runner.php, line 65
Cake\Routing\Middleware\RoutingMiddleware::__invoke() - CORE\src\Routing\Middleware\RoutingMiddleware.php, line 158
Cake\Http\Runner::__invoke() - CORE\src\Http\Runner.php, line 65
Cake\Routing\Middleware\AssetMiddleware::__invoke() - CORE\src\Routing\Middleware\AssetMiddleware.php, line 88
Cake\Http\Runner::__invoke() - CORE\src\Http\Runner.php, line 65
Cake\Error\Middleware\ErrorHandlerMiddleware::__invoke() - CORE\src\Error\Middleware\ErrorHandlerMiddleware.php, line 98
Cake\Http\Runner::__invoke() - CORE\src\Http\Runner.php, line 65
Cake\Http\Runner::run() - CORE\src\Http\Runner.php, line 51
Cake\Http\Server::run() - CORE\src\Http\Server.php, line 98
[main] - ROOT\webroot\index.php, line 37



2018-06-23 04:19:28 Error: [Cake\Routing\Exception\MissingControllerException] Controller class Js could not be found.
Exception Attributes: array (
  'class' => 'Js',
  'plugin' => false,
  'prefix' => false,
  '_ext' => false,
)
Request URL: /js/toastr.js.map
Stack Trace:
#0 G:\xampp\htdocs\TADIEX\vendor\cakephp\cakephp\src\Http\ControllerFactory.php(38): Cake\Http\ControllerFactory->missingController(Object(Cake\Http\ServerRequest))
#1 G:\xampp\htdocs\TADIEX\vendor\cakephp\cakephp\src\Http\ActionDispatcher.php(90): Cake\Http\ControllerFactory->create(Object(Cake\Http\ServerRequest), Object(Cake\Http\Response))
#2 G:\xampp\htdocs\TADIEX\vendor\cakephp\cakephp\src\Http\BaseApplication.php(228): Cake\Http\ActionDispatcher->dispatch(Object(Cake\Http\ServerRequest), Object(Cake\Http\Response))
#3 G:\xampp\htdocs\TADIEX\vendor\cakephp\cakephp\src\Http\Runner.php(65): Cake\Http\BaseApplication->__invoke(Object(Cake\Http\ServerRequest), Object(Cake\Http\Response), Object(Cake\Http\Runner))
#4 G:\xampp\htdocs\TADIEX\vendor\cakephp\cakephp\src\Routing\Middleware\RoutingMiddleware.php(158): Cake\Http\Runner->__invoke(Object(Cake\Http\ServerRequest), Object(Cake\Http\Response))
#5 G:\xampp\htdocs\TADIEX\vendor\cakephp\cakephp\src\Http\Runner.php(65): Cake\Routing\Middleware\RoutingMiddleware->__invoke(Object(Cake\Http\ServerRequest), Object(Cake\Http\Response), Object(Cake\Http\Runner))
#6 G:\xampp\htdocs\TADIEX\vendor\cakephp\cakephp\src\Routing\Middleware\AssetMiddleware.php(97): Cake\Http\Runner->__invoke(Object(Cake\Http\ServerRequest), Object(Cake\Http\Response))
#7 G:\xampp\htdocs\TADIEX\vendor\cakephp\cakephp\src\Http\Runner.php(65): Cake\Routing\Middleware\AssetMiddleware->__invoke(Object(Cake\Http\ServerRequest), Object(Cake\Http\Response), Object(Cake\Http\Runner))
#8 G:\xampp\htdocs\TADIEX\vendor\cakephp\cakephp\src\Error\Middleware\ErrorHandlerMiddleware.php(98): Cake\Http\Runner->__invoke(Object(Cake\Http\ServerRequest), Object(Cake\Http\Response))
#9 G:\xampp\htdocs\TADIEX\vendor\cakephp\cakephp\src\Http\Runner.php(65): Cake\Error\Middleware\ErrorHandlerMiddleware->__invoke(Object(Cake\Http\ServerRequest), Object(Cake\Http\Response), Object(Cake\Http\Runner))
#10 G:\xampp\htdocs\TADIEX\vendor\cakephp\cakephp\src\Http\Runner.php(51): Cake\Http\Runner->__invoke(Object(Cake\Http\ServerRequest), Object(Cake\Http\Response))
#11 G:\xampp\htdocs\TADIEX\vendor\cakephp\cakephp\src\Http\Server.php(98): Cake\Http\Runner->run(Object(Cake\Http\MiddlewareQueue), Object(Cake\Http\ServerRequest), Object(Cake\Http\Response))
#12 G:\xampp\htdocs\TADIEX\webroot\index.php(37): Cake\Http\Server->run()
#13 {main}


2018-06-23 04:19:29 Error: [Cake\Routing\Exception\MissingControllerException] Controller class Js could not be found.
Exception Attributes: array (
  'class' => 'Js',
  'plugin' => false,
  'prefix' => false,
  '_ext' => false,
)
Request URL: /js/hammer.min.js.map
Stack Trace:
#0 G:\xampp\htdocs\TADIEX\vendor\cakephp\cakephp\src\Http\ControllerFactory.php(38): Cake\Http\ControllerFactory->missingController(Object(Cake\Http\ServerRequest))
#1 G:\xampp\htdocs\TADIEX\vendor\cakephp\cakephp\src\Http\ActionDispatcher.php(90): Cake\Http\ControllerFactory->create(Object(Cake\Http\ServerRequest), Object(Cake\Http\Response))
#2 G:\xampp\htdocs\TADIEX\vendor\cakephp\cakephp\src\Http\BaseApplication.php(228): Cake\Http\ActionDispatcher->dispatch(Object(Cake\Http\ServerRequest), Object(Cake\Http\Response))
#3 G:\xampp\htdocs\TADIEX\vendor\cakephp\cakephp\src\Http\Runner.php(65): Cake\Http\BaseApplication->__invoke(Object(Cake\Http\ServerRequest), Object(Cake\Http\Response), Object(Cake\Http\Runner))
#4 G:\xampp\htdocs\TADIEX\vendor\cakephp\cakephp\src\Routing\Middleware\RoutingMiddleware.php(158): Cake\Http\Runner->__invoke(Object(Cake\Http\ServerRequest), Object(Cake\Http\Response))
#5 G:\xampp\htdocs\TADIEX\vendor\cakephp\cakephp\src\Http\Runner.php(65): Cake\Routing\Middleware\RoutingMiddleware->__invoke(Object(Cake\Http\ServerRequest), Object(Cake\Http\Response), Object(Cake\Http\Runner))
#6 G:\xampp\htdocs\TADIEX\vendor\cakephp\cakephp\src\Routing\Middleware\AssetMiddleware.php(97): Cake\Http\Runner->__invoke(Object(Cake\Http\ServerRequest), Object(Cake\Http\Response))
#7 G:\xampp\htdocs\TADIEX\vendor\cakephp\cakephp\src\Http\Runner.php(65): Cake\Routing\Middleware\AssetMiddleware->__invoke(Object(Cake\Http\ServerRequest), Object(Cake\Http\Response), Object(Cake\Http\Runner))
#8 G:\xampp\htdocs\TADIEX\vendor\cakephp\cakephp\src\Error\Middleware\ErrorHandlerMiddleware.php(98): Cake\Http\Runner->__invoke(Object(Cake\Http\ServerRequest), Object(Cake\Http\Response))
#9 G:\xampp\htdocs\TADIEX\vendor\cakephp\cakephp\src\Http\Runner.php(65): Cake\Error\Middleware\ErrorHandlerMiddleware->__invoke(Object(Cake\Http\ServerRequest), Object(Cake\Http\Response), Object(Cake\Http\Runner))
#10 G:\xampp\htdocs\TADIEX\vendor\cakephp\cakephp\src\Http\Runner.php(51): Cake\Http\Runner->__invoke(Object(Cake\Http\ServerRequest), Object(Cake\Http\Response))
#11 G:\xampp\htdocs\TADIEX\vendor\cakephp\cakephp\src\Http\Server.php(98): Cake\Http\Runner->run(Object(Cake\Http\MiddlewareQueue), Object(Cake\Http\ServerRequest), Object(Cake\Http\Response))
#12 G:\xampp\htdocs\TADIEX\webroot\index.php(37): Cake\Http\Server->run()
#13 {main}


2018-06-23 04:19:30 Error: [Cake\Routing\Exception\MissingControllerException] Controller class Css could not be found.
Exception Attributes: array (
  'class' => 'Css',
  'plugin' => false,
  'prefix' => false,
  '_ext' => false,
)
Request URL: /css/bootstrap.min.css.map
Stack Trace:
#0 G:\xampp\htdocs\TADIEX\vendor\cakephp\cakephp\src\Http\ControllerFactory.php(38): Cake\Http\ControllerFactory->missingController(Object(Cake\Http\ServerRequest))
#1 G:\xampp\htdocs\TADIEX\vendor\cakephp\cakephp\src\Http\ActionDispatcher.php(90): Cake\Http\ControllerFactory->create(Object(Cake\Http\ServerRequest), Object(Cake\Http\Response))
#2 G:\xampp\htdocs\TADIEX\vendor\cakephp\cakephp\src\Http\BaseApplication.php(228): Cake\Http\ActionDispatcher->dispatch(Object(Cake\Http\ServerRequest), Object(Cake\Http\Response))
#3 G:\xampp\htdocs\TADIEX\vendor\cakephp\cakephp\src\Http\Runner.php(65): Cake\Http\BaseApplication->__invoke(Object(Cake\Http\ServerRequest), Object(Cake\Http\Response), Object(Cake\Http\Runner))
#4 G:\xampp\htdocs\TADIEX\vendor\cakephp\cakephp\src\Routing\Middleware\RoutingMiddleware.php(158): Cake\Http\Runner->__invoke(Object(Cake\Http\ServerRequest), Object(Cake\Http\Response))
#5 G:\xampp\htdocs\TADIEX\vendor\cakephp\cakephp\src\Http\Runner.php(65): Cake\Routing\Middleware\RoutingMiddleware->__invoke(Object(Cake\Http\ServerRequest), Object(Cake\Http\Response), Object(Cake\Http\Runner))
#6 G:\xampp\htdocs\TADIEX\vendor\cakephp\cakephp\src\Routing\Middleware\AssetMiddleware.php(97): Cake\Http\Runner->__invoke(Object(Cake\Http\ServerRequest), Object(Cake\Http\Response))
#7 G:\xampp\htdocs\TADIEX\vendor\cakephp\cakephp\src\Http\Runner.php(65): Cake\Routing\Middleware\AssetMiddleware->__invoke(Object(Cake\Http\ServerRequest), Object(Cake\Http\Response), Object(Cake\Http\Runner))
#8 G:\xampp\htdocs\TADIEX\vendor\cakephp\cakephp\src\Error\Middleware\ErrorHandlerMiddleware.php(98): Cake\Http\Runner->__invoke(Object(Cake\Http\ServerRequest), Object(Cake\Http\Response))
#9 G:\xampp\htdocs\TADIEX\vendor\cakephp\cakephp\src\Http\Runner.php(65): Cake\Error\Middleware\ErrorHandlerMiddleware->__invoke(Object(Cake\Http\ServerRequest), Object(Cake\Http\Response), Object(Cake\Http\Runner))
#10 G:\xampp\htdocs\TADIEX\vendor\cakephp\cakephp\src\Http\Runner.php(51): Cake\Http\Runner->__invoke(Object(Cake\Http\ServerRequest), Object(Cake\Http\Response))
#11 G:\xampp\htdocs\TADIEX\vendor\cakephp\cakephp\src\Http\Server.php(98): Cake\Http\Runner->run(Object(Cake\Http\MiddlewareQueue), Object(Cake\Http\ServerRequest), Object(Cake\Http\Response))
#12 G:\xampp\htdocs\TADIEX\webroot\index.php(37): Cake\Http\Server->run()
#13 {main}


2018-06-23 04:21:32 Error: [Cake\Routing\Exception\MissingControllerException] Controller class Js could not be found.
Exception Attributes: array (
  'class' => 'Js',
  'plugin' => false,
  'prefix' => false,
  '_ext' => false,
)
Request URL: /js/hammer.min.js.map
Stack Trace:
#0 G:\xampp\htdocs\TADIEX\vendor\cakephp\cakephp\src\Http\ControllerFactory.php(38): Cake\Http\ControllerFactory->missingController(Object(Cake\Http\ServerRequest))
#1 G:\xampp\htdocs\TADIEX\vendor\cakephp\cakephp\src\Http\ActionDispatcher.php(90): Cake\Http\ControllerFactory->create(Object(Cake\Http\ServerRequest), Object(Cake\Http\Response))
#2 G:\xampp\htdocs\TADIEX\vendor\cakephp\cakephp\src\Http\BaseApplication.php(228): Cake\Http\ActionDispatcher->dispatch(Object(Cake\Http\ServerRequest), Object(Cake\Http\Response))
#3 G:\xampp\htdocs\TADIEX\vendor\cakephp\cakephp\src\Http\Runner.php(65): Cake\Http\BaseApplication->__invoke(Object(Cake\Http\ServerRequest), Object(Cake\Http\Response), Object(Cake\Http\Runner))
#4 G:\xampp\htdocs\TADIEX\vendor\cakephp\cakephp\src\Routing\Middleware\RoutingMiddleware.php(158): Cake\Http\Runner->__invoke(Object(Cake\Http\ServerRequest), Object(Cake\Http\Response))
#5 G:\xampp\htdocs\TADIEX\vendor\cakephp\cakephp\src\Http\Runner.php(65): Cake\Routing\Middleware\RoutingMiddleware->__invoke(Object(Cake\Http\ServerRequest), Object(Cake\Http\Response), Object(Cake\Http\Runner))
#6 G:\xampp\htdocs\TADIEX\vendor\cakephp\cakephp\src\Routing\Middleware\AssetMiddleware.php(97): Cake\Http\Runner->__invoke(Object(Cake\Http\ServerRequest), Object(Cake\Http\Response))
#7 G:\xampp\htdocs\TADIEX\vendor\cakephp\cakephp\src\Http\Runner.php(65): Cake\Routing\Middleware\AssetMiddleware->__invoke(Object(Cake\Http\ServerRequest), Object(Cake\Http\Response), Object(Cake\Http\Runner))
#8 G:\xampp\htdocs\TADIEX\vendor\cakephp\cakephp\src\Error\Middleware\ErrorHandlerMiddleware.php(98): Cake\Http\Runner->__invoke(Object(Cake\Http\ServerRequest), Object(Cake\Http\Response))
#9 G:\xampp\htdocs\TADIEX\vendor\cakephp\cakephp\src\Http\Runner.php(65): Cake\Error\Middleware\ErrorHandlerMiddleware->__invoke(Object(Cake\Http\ServerRequest), Object(Cake\Http\Response), Object(Cake\Http\Runner))
#10 G:\xampp\htdocs\TADIEX\vendor\cakephp\cakephp\src\Http\Runner.php(51): Cake\Http\Runner->__invoke(Object(Cake\Http\ServerRequest), Object(Cake\Http\Response))
#11 G:\xampp\htdocs\TADIEX\vendor\cakephp\cakephp\src\Http\Server.php(98): Cake\Http\Runner->run(Object(Cake\Http\MiddlewareQueue), Object(Cake\Http\ServerRequest), Object(Cake\Http\Response))
#12 G:\xampp\htdocs\TADIEX\webroot\index.php(37): Cake\Http\Server->run()
#13 {main}


2018-06-23 04:21:33 Error: [Cake\Routing\Exception\MissingControllerException] Controller class Js could not be found.
Exception Attributes: array (
  'class' => 'Js',
  'plugin' => false,
  'prefix' => false,
  '_ext' => false,
)
Request URL: /js/toastr.js.map
Stack Trace:
#0 G:\xampp\htdocs\TADIEX\vendor\cakephp\cakephp\src\Http\ControllerFactory.php(38): Cake\Http\ControllerFactory->missingController(Object(Cake\Http\ServerRequest))
#1 G:\xampp\htdocs\TADIEX\vendor\cakephp\cakephp\src\Http\ActionDispatcher.php(90): Cake\Http\ControllerFactory->create(Object(Cake\Http\ServerRequest), Object(Cake\Http\Response))
#2 G:\xampp\htdocs\TADIEX\vendor\cakephp\cakephp\src\Http\BaseApplication.php(228): Cake\Http\ActionDispatcher->dispatch(Object(Cake\Http\ServerRequest), Object(Cake\Http\Response))
#3 G:\xampp\htdocs\TADIEX\vendor\cakephp\cakephp\src\Http\Runner.php(65): Cake\Http\BaseApplication->__invoke(Object(Cake\Http\ServerRequest), Object(Cake\Http\Response), Object(Cake\Http\Runner))
#4 G:\xampp\htdocs\TADIEX\vendor\cakephp\cakephp\src\Routing\Middleware\RoutingMiddleware.php(158): Cake\Http\Runner->__invoke(Object(Cake\Http\ServerRequest), Object(Cake\Http\Response))
#5 G:\xampp\htdocs\TADIEX\vendor\cakephp\cakephp\src\Http\Runner.php(65): Cake\Routing\Middleware\RoutingMiddleware->__invoke(Object(Cake\Http\ServerRequest), Object(Cake\Http\Response), Object(Cake\Http\Runner))
#6 G:\xampp\htdocs\TADIEX\vendor\cakephp\cakephp\src\Routing\Middleware\AssetMiddleware.php(97): Cake\Http\Runner->__invoke(Object(Cake\Http\ServerRequest), Object(Cake\Http\Response))
#7 G:\xampp\htdocs\TADIEX\vendor\cakephp\cakephp\src\Http\Runner.php(65): Cake\Routing\Middleware\AssetMiddleware->__invoke(Object(Cake\Http\ServerRequest), Object(Cake\Http\Response), Object(Cake\Http\Runner))
#8 G:\xampp\htdocs\TADIEX\vendor\cakephp\cakephp\src\Error\Middleware\ErrorHandlerMiddleware.php(98): Cake\Http\Runner->__invoke(Object(Cake\Http\ServerRequest), Object(Cake\Http\Response))
#9 G:\xampp\htdocs\TADIEX\vendor\cakephp\cakephp\src\Http\Runner.php(65): Cake\Error\Middleware\ErrorHandlerMiddleware->__invoke(Object(Cake\Http\ServerRequest), Object(Cake\Http\Response), Object(Cake\Http\Runner))
#10 G:\xampp\htdocs\TADIEX\vendor\cakephp\cakephp\src\Http\Runner.php(51): Cake\Http\Runner->__invoke(Object(Cake\Http\ServerRequest), Object(Cake\Http\Response))
#11 G:\xampp\htdocs\TADIEX\vendor\cakephp\cakephp\src\Http\Server.php(98): Cake\Http\Runner->run(Object(Cake\Http\MiddlewareQueue), Object(Cake\Http\ServerRequest), Object(Cake\Http\Response))
#12 G:\xampp\htdocs\TADIEX\webroot\index.php(37): Cake\Http\Server->run()
#13 {main}


2018-06-23 04:21:34 Error: [Cake\Routing\Exception\MissingControllerException] Controller class Css could not be found.
Exception Attributes: array (
  'class' => 'Css',
  'plugin' => false,
  'prefix' => false,
  '_ext' => false,
)
Request URL: /css/bootstrap.min.css.map
Stack Trace:
#0 G:\xampp\htdocs\TADIEX\vendor\cakephp\cakephp\src\Http\ControllerFactory.php(38): Cake\Http\ControllerFactory->missingController(Object(Cake\Http\ServerRequest))
#1 G:\xampp\htdocs\TADIEX\vendor\cakephp\cakephp\src\Http\ActionDispatcher.php(90): Cake\Http\ControllerFactory->create(Object(Cake\Http\ServerRequest), Object(Cake\Http\Response))
#2 G:\xampp\htdocs\TADIEX\vendor\cakephp\cakephp\src\Http\BaseApplication.php(228): Cake\Http\ActionDispatcher->dispatch(Object(Cake\Http\ServerRequest), Object(Cake\Http\Response))
#3 G:\xampp\htdocs\TADIEX\vendor\cakephp\cakephp\src\Http\Runner.php(65): Cake\Http\BaseApplication->__invoke(Object(Cake\Http\ServerRequest), Object(Cake\Http\Response), Object(Cake\Http\Runner))
#4 G:\xampp\htdocs\TADIEX\vendor\cakephp\cakephp\src\Routing\Middleware\RoutingMiddleware.php(158): Cake\Http\Runner->__invoke(Object(Cake\Http\ServerRequest), Object(Cake\Http\Response))
#5 G:\xampp\htdocs\TADIEX\vendor\cakephp\cakephp\src\Http\Runner.php(65): Cake\Routing\Middleware\RoutingMiddleware->__invoke(Object(Cake\Http\ServerRequest), Object(Cake\Http\Response), Object(Cake\Http\Runner))
#6 G:\xampp\htdocs\TADIEX\vendor\cakephp\cakephp\src\Routing\Middleware\AssetMiddleware.php(97): Cake\Http\Runner->__invoke(Object(Cake\Http\ServerRequest), Object(Cake\Http\Response))
#7 G:\xampp\htdocs\TADIEX\vendor\cakephp\cakephp\src\Http\Runner.php(65): Cake\Routing\Middleware\AssetMiddleware->__invoke(Object(Cake\Http\ServerRequest), Object(Cake\Http\Response), Object(Cake\Http\Runner))
#8 G:\xampp\htdocs\TADIEX\vendor\cakephp\cakephp\src\Error\Middleware\ErrorHandlerMiddleware.php(98): Cake\Http\Runner->__invoke(Object(Cake\Http\ServerRequest), Object(Cake\Http\Response))
#9 G:\xampp\htdocs\TADIEX\vendor\cakephp\cakephp\src\Http\Runner.php(65): Cake\Error\Middleware\ErrorHandlerMiddleware->__invoke(Object(Cake\Http\ServerRequest), Object(Cake\Http\Response), Object(Cake\Http\Runner))
#10 G:\xampp\htdocs\TADIEX\vendor\cakephp\cakephp\src\Http\Runner.php(51): Cake\Http\Runner->__invoke(Object(Cake\Http\ServerRequest), Object(Cake\Http\Response))
#11 G:\xampp\htdocs\TADIEX\vendor\cakephp\cakephp\src\Http\Server.php(98): Cake\Http\Runner->run(Object(Cake\Http\MiddlewareQueue), Object(Cake\Http\ServerRequest), Object(Cake\Http\Response))
#12 G:\xampp\htdocs\TADIEX\webroot\index.php(37): Cake\Http\Server->run()
#13 {main}


2018-06-23 04:21:38 Error: [Cake\Routing\Exception\MissingControllerException] Controller class Css could not be found.
Exception Attributes: array (
  'class' => 'Css',
  'plugin' => false,
  'prefix' => false,
  '_ext' => false,
)
Request URL: /css/bootstrap.min.css.map
Stack Trace:
#0 G:\xampp\htdocs\TADIEX\vendor\cakephp\cakephp\src\Http\ControllerFactory.php(38): Cake\Http\ControllerFactory->missingController(Object(Cake\Http\ServerRequest))
#1 G:\xampp\htdocs\TADIEX\vendor\cakephp\cakephp\src\Http\ActionDispatcher.php(90): Cake\Http\ControllerFactory->create(Object(Cake\Http\ServerRequest), Object(Cake\Http\Response))
#2 G:\xampp\htdocs\TADIEX\vendor\cakephp\cakephp\src\Http\BaseApplication.php(228): Cake\Http\ActionDispatcher->dispatch(Object(Cake\Http\ServerRequest), Object(Cake\Http\Response))
#3 G:\xampp\htdocs\TADIEX\vendor\cakephp\cakephp\src\Http\Runner.php(65): Cake\Http\BaseApplication->__invoke(Object(Cake\Http\ServerRequest), Object(Cake\Http\Response), Object(Cake\Http\Runner))
#4 G:\xampp\htdocs\TADIEX\vendor\cakephp\cakephp\src\Routing\Middleware\RoutingMiddleware.php(158): Cake\Http\Runner->__invoke(Object(Cake\Http\ServerRequest), Object(Cake\Http\Response))
#5 G:\xampp\htdocs\TADIEX\vendor\cakephp\cakephp\src\Http\Runner.php(65): Cake\Routing\Middleware\RoutingMiddleware->__invoke(Object(Cake\Http\ServerRequest), Object(Cake\Http\Response), Object(Cake\Http\Runner))
#6 G:\xampp\htdocs\TADIEX\vendor\cakephp\cakephp\src\Routing\Middleware\AssetMiddleware.php(97): Cake\Http\Runner->__invoke(Object(Cake\Http\ServerRequest), Object(Cake\Http\Response))
#7 G:\xampp\htdocs\TADIEX\vendor\cakephp\cakephp\src\Http\Runner.php(65): Cake\Routing\Middleware\AssetMiddleware->__invoke(Object(Cake\Http\ServerRequest), Object(Cake\Http\Response), Object(Cake\Http\Runner))
#8 G:\xampp\htdocs\TADIEX\vendor\cakephp\cakephp\src\Error\Middleware\ErrorHandlerMiddleware.php(98): Cake\Http\Runner->__invoke(Object(Cake\Http\ServerRequest), Object(Cake\Http\Response))
#9 G:\xampp\htdocs\TADIEX\vendor\cakephp\cakephp\src\Http\Runner.php(65): Cake\Error\Middleware\ErrorHandlerMiddleware->__invoke(Object(Cake\Http\ServerRequest), Object(Cake\Http\Response), Object(Cake\Http\Runner))
#10 G:\xampp\htdocs\TADIEX\vendor\cakephp\cakephp\src\Http\Runner.php(51): Cake\Http\Runner->__invoke(Object(Cake\Http\ServerRequest), Object(Cake\Http\Response))
#11 G:\xampp\htdocs\TADIEX\vendor\cakephp\cakephp\src\Http\Server.php(98): Cake\Http\Runner->run(Object(Cake\Http\MiddlewareQueue), Object(Cake\Http\ServerRequest), Object(Cake\Http\Response))
#12 G:\xampp\htdocs\TADIEX\webroot\index.php(37): Cake\Http\Server->run()
#13 {main}


2018-06-23 04:21:39 Error: [Cake\Routing\Exception\MissingControllerException] Controller class Js could not be found.
Exception Attributes: array (
  'class' => 'Js',
  'plugin' => false,
  'prefix' => false,
  '_ext' => false,
)
Request URL: /js/toastr.js.map
Stack Trace:
#0 G:\xampp\htdocs\TADIEX\vendor\cakephp\cakephp\src\Http\ControllerFactory.php(38): Cake\Http\ControllerFactory->missingController(Object(Cake\Http\ServerRequest))
#1 G:\xampp\htdocs\TADIEX\vendor\cakephp\cakephp\src\Http\ActionDispatcher.php(90): Cake\Http\ControllerFactory->create(Object(Cake\Http\ServerRequest), Object(Cake\Http\Response))
#2 G:\xampp\htdocs\TADIEX\vendor\cakephp\cakephp\src\Http\BaseApplication.php(228): Cake\Http\ActionDispatcher->dispatch(Object(Cake\Http\ServerRequest), Object(Cake\Http\Response))
#3 G:\xampp\htdocs\TADIEX\vendor\cakephp\cakephp\src\Http\Runner.php(65): Cake\Http\BaseApplication->__invoke(Object(Cake\Http\ServerRequest), Object(Cake\Http\Response), Object(Cake\Http\Runner))
#4 G:\xampp\htdocs\TADIEX\vendor\cakephp\cakephp\src\Routing\Middleware\RoutingMiddleware.php(158): Cake\Http\Runner->__invoke(Object(Cake\Http\ServerRequest), Object(Cake\Http\Response))
#5 G:\xampp\htdocs\TADIEX\vendor\cakephp\cakephp\src\Http\Runner.php(65): Cake\Routing\Middleware\RoutingMiddleware->__invoke(Object(Cake\Http\ServerRequest), Object(Cake\Http\Response), Object(Cake\Http\Runner))
#6 G:\xampp\htdocs\TADIEX\vendor\cakephp\cakephp\src\Routing\Middleware\AssetMiddleware.php(97): Cake\Http\Runner->__invoke(Object(Cake\Http\ServerRequest), Object(Cake\Http\Response))
#7 G:\xampp\htdocs\TADIEX\vendor\cakephp\cakephp\src\Http\Runner.php(65): Cake\Routing\Middleware\AssetMiddleware->__invoke(Object(Cake\Http\ServerRequest), Object(Cake\Http\Response), Object(Cake\Http\Runner))
#8 G:\xampp\htdocs\TADIEX\vendor\cakephp\cakephp\src\Error\Middleware\ErrorHandlerMiddleware.php(98): Cake\Http\Runner->__invoke(Object(Cake\Http\ServerRequest), Object(Cake\Http\Response))
#9 G:\xampp\htdocs\TADIEX\vendor\cakephp\cakephp\src\Http\Runner.php(65): Cake\Error\Middleware\ErrorHandlerMiddleware->__invoke(Object(Cake\Http\ServerRequest), Object(Cake\Http\Response), Object(Cake\Http\Runner))
#10 G:\xampp\htdocs\TADIEX\vendor\cakephp\cakephp\src\Http\Runner.php(51): Cake\Http\Runner->__invoke(Object(Cake\Http\ServerRequest), Object(Cake\Http\Response))
#11 G:\xampp\htdocs\TADIEX\vendor\cakephp\cakephp\src\Http\Server.php(98): Cake\Http\Runner->run(Object(Cake\Http\MiddlewareQueue), Object(Cake\Http\ServerRequest), Object(Cake\Http\Response))
#12 G:\xampp\htdocs\TADIEX\webroot\index.php(37): Cake\Http\Server->run()
#13 {main}


2018-06-23 04:21:44 Error: [Cake\Routing\Exception\MissingControllerException] Controller class Js could not be found.
Exception Attributes: array (
  'class' => 'Js',
  'plugin' => false,
  'prefix' => false,
  '_ext' => false,
)
Request URL: /js/hammer.min.js.map
Stack Trace:
#0 G:\xampp\htdocs\TADIEX\vendor\cakephp\cakephp\src\Http\ControllerFactory.php(38): Cake\Http\ControllerFactory->missingController(Object(Cake\Http\ServerRequest))
#1 G:\xampp\htdocs\TADIEX\vendor\cakephp\cakephp\src\Http\ActionDispatcher.php(90): Cake\Http\ControllerFactory->create(Object(Cake\Http\ServerRequest), Object(Cake\Http\Response))
#2 G:\xampp\htdocs\TADIEX\vendor\cakephp\cakephp\src\Http\BaseApplication.php(228): Cake\Http\ActionDispatcher->dispatch(Object(Cake\Http\ServerRequest), Object(Cake\Http\Response))
#3 G:\xampp\htdocs\TADIEX\vendor\cakephp\cakephp\src\Http\Runner.php(65): Cake\Http\BaseApplication->__invoke(Object(Cake\Http\ServerRequest), Object(Cake\Http\Response), Object(Cake\Http\Runner))
#4 G:\xampp\htdocs\TADIEX\vendor\cakephp\cakephp\src\Routing\Middleware\RoutingMiddleware.php(158): Cake\Http\Runner->__invoke(Object(Cake\Http\ServerRequest), Object(Cake\Http\Response))
#5 G:\xampp\htdocs\TADIEX\vendor\cakephp\cakephp\src\Http\Runner.php(65): Cake\Routing\Middleware\RoutingMiddleware->__invoke(Object(Cake\Http\ServerRequest), Object(Cake\Http\Response), Object(Cake\Http\Runner))
#6 G:\xampp\htdocs\TADIEX\vendor\cakephp\cakephp\src\Routing\Middleware\AssetMiddleware.php(97): Cake\Http\Runner->__invoke(Object(Cake\Http\ServerRequest), Object(Cake\Http\Response))
#7 G:\xampp\htdocs\TADIEX\vendor\cakephp\cakephp\src\Http\Runner.php(65): Cake\Routing\Middleware\AssetMiddleware->__invoke(Object(Cake\Http\ServerRequest), Object(Cake\Http\Response), Object(Cake\Http\Runner))
#8 G:\xampp\htdocs\TADIEX\vendor\cakephp\cakephp\src\Error\Middleware\ErrorHandlerMiddleware.php(98): Cake\Http\Runner->__invoke(Object(Cake\Http\ServerRequest), Object(Cake\Http\Response))
#9 G:\xampp\htdocs\TADIEX\vendor\cakephp\cakephp\src\Http\Runner.php(65): Cake\Error\Middleware\ErrorHandlerMiddleware->__invoke(Object(Cake\Http\ServerRequest), Object(Cake\Http\Response), Object(Cake\Http\Runner))
#10 G:\xampp\htdocs\TADIEX\vendor\cakephp\cakephp\src\Http\Runner.php(51): Cake\Http\Runner->__invoke(Object(Cake\Http\ServerRequest), Object(Cake\Http\Response))
#11 G:\xampp\htdocs\TADIEX\vendor\cakephp\cakephp\src\Http\Server.php(98): Cake\Http\Runner->run(Object(Cake\Http\MiddlewareQueue), Object(Cake\Http\ServerRequest), Object(Cake\Http\Response))
#12 G:\xampp\htdocs\TADIEX\webroot\index.php(37): Cake\Http\Server->run()
#13 {main}


2018-06-25 08:03:36 Error: [Cake\Routing\Exception\MissingControllerException] Controller class Js could not be found.
Exception Attributes: array (
  'class' => 'Js',
  'plugin' => false,
  'prefix' => false,
  '_ext' => false,
)
Request URL: /js/toastr.js.map
Stack Trace:
#0 G:\xampp\htdocs\TADIEX\vendor\cakephp\cakephp\src\Http\ControllerFactory.php(38): Cake\Http\ControllerFactory->missingController(Object(Cake\Http\ServerRequest))
#1 G:\xampp\htdocs\TADIEX\vendor\cakephp\cakephp\src\Http\ActionDispatcher.php(90): Cake\Http\ControllerFactory->create(Object(Cake\Http\ServerRequest), Object(Cake\Http\Response))
#2 G:\xampp\htdocs\TADIEX\vendor\cakephp\cakephp\src\Http\BaseApplication.php(228): Cake\Http\ActionDispatcher->dispatch(Object(Cake\Http\ServerRequest), Object(Cake\Http\Response))
#3 G:\xampp\htdocs\TADIEX\vendor\cakephp\cakephp\src\Http\Runner.php(65): Cake\Http\BaseApplication->__invoke(Object(Cake\Http\ServerRequest), Object(Cake\Http\Response), Object(Cake\Http\Runner))
#4 G:\xampp\htdocs\TADIEX\vendor\cakephp\cakephp\src\Routing\Middleware\RoutingMiddleware.php(158): Cake\Http\Runner->__invoke(Object(Cake\Http\ServerRequest), Object(Cake\Http\Response))
#5 G:\xampp\htdocs\TADIEX\vendor\cakephp\cakephp\src\Http\Runner.php(65): Cake\Routing\Middleware\RoutingMiddleware->__invoke(Object(Cake\Http\ServerRequest), Object(Cake\Http\Response), Object(Cake\Http\Runner))
#6 G:\xampp\htdocs\TADIEX\vendor\cakephp\cakephp\src\Routing\Middleware\AssetMiddleware.php(97): Cake\Http\Runner->__invoke(Object(Cake\Http\ServerRequest), Object(Cake\Http\Response))
#7 G:\xampp\htdocs\TADIEX\vendor\cakephp\cakephp\src\Http\Runner.php(65): Cake\Routing\Middleware\AssetMiddleware->__invoke(Object(Cake\Http\ServerRequest), Object(Cake\Http\Response), Object(Cake\Http\Runner))
#8 G:\xampp\htdocs\TADIEX\vendor\cakephp\cakephp\src\Error\Middleware\ErrorHandlerMiddleware.php(98): Cake\Http\Runner->__invoke(Object(Cake\Http\ServerRequest), Object(Cake\Http\Response))
#9 G:\xampp\htdocs\TADIEX\vendor\cakephp\cakephp\src\Http\Runner.php(65): Cake\Error\Middleware\ErrorHandlerMiddleware->__invoke(Object(Cake\Http\ServerRequest), Object(Cake\Http\Response), Object(Cake\Http\Runner))
#10 G:\xampp\htdocs\TADIEX\vendor\cakephp\cakephp\src\Http\Runner.php(51): Cake\Http\Runner->__invoke(Object(Cake\Http\ServerRequest), Object(Cake\Http\Response))
#11 G:\xampp\htdocs\TADIEX\vendor\cakephp\cakephp\src\Http\Server.php(98): Cake\Http\Runner->run(Object(Cake\Http\MiddlewareQueue), Object(Cake\Http\ServerRequest), Object(Cake\Http\Response))
#12 G:\xampp\htdocs\TADIEX\webroot\index.php(37): Cake\Http\Server->run()
#13 {main}


2018-06-25 08:03:37 Error: [Cake\Routing\Exception\MissingControllerException] Controller class Css could not be found.
Exception Attributes: array (
  'class' => 'Css',
  'plugin' => false,
  'prefix' => false,
  '_ext' => false,
)
Request URL: /css/bootstrap.min.css.map
Stack Trace:
#0 G:\xampp\htdocs\TADIEX\vendor\cakephp\cakephp\src\Http\ControllerFactory.php(38): Cake\Http\ControllerFactory->missingController(Object(Cake\Http\ServerRequest))
#1 G:\xampp\htdocs\TADIEX\vendor\cakephp\cakephp\src\Http\ActionDispatcher.php(90): Cake\Http\ControllerFactory->create(Object(Cake\Http\ServerRequest), Object(Cake\Http\Response))
#2 G:\xampp\htdocs\TADIEX\vendor\cakephp\cakephp\src\Http\BaseApplication.php(228): Cake\Http\ActionDispatcher->dispatch(Object(Cake\Http\ServerRequest), Object(Cake\Http\Response))
#3 G:\xampp\htdocs\TADIEX\vendor\cakephp\cakephp\src\Http\Runner.php(65): Cake\Http\BaseApplication->__invoke(Object(Cake\Http\ServerRequest), Object(Cake\Http\Response), Object(Cake\Http\Runner))
#4 G:\xampp\htdocs\TADIEX\vendor\cakephp\cakephp\src\Routing\Middleware\RoutingMiddleware.php(158): Cake\Http\Runner->__invoke(Object(Cake\Http\ServerRequest), Object(Cake\Http\Response))
#5 G:\xampp\htdocs\TADIEX\vendor\cakephp\cakephp\src\Http\Runner.php(65): Cake\Routing\Middleware\RoutingMiddleware->__invoke(Object(Cake\Http\ServerRequest), Object(Cake\Http\Response), Object(Cake\Http\Runner))
#6 G:\xampp\htdocs\TADIEX\vendor\cakephp\cakephp\src\Routing\Middleware\AssetMiddleware.php(97): Cake\Http\Runner->__invoke(Object(Cake\Http\ServerRequest), Object(Cake\Http\Response))
#7 G:\xampp\htdocs\TADIEX\vendor\cakephp\cakephp\src\Http\Runner.php(65): Cake\Routing\Middleware\AssetMiddleware->__invoke(Object(Cake\Http\ServerRequest), Object(Cake\Http\Response), Object(Cake\Http\Runner))
#8 G:\xampp\htdocs\TADIEX\vendor\cakephp\cakephp\src\Error\Middleware\ErrorHandlerMiddleware.php(98): Cake\Http\Runner->__invoke(Object(Cake\Http\ServerRequest), Object(Cake\Http\Response))
#9 G:\xampp\htdocs\TADIEX\vendor\cakephp\cakephp\src\Http\Runner.php(65): Cake\Error\Middleware\ErrorHandlerMiddleware->__invoke(Object(Cake\Http\ServerRequest), Object(Cake\Http\Response), Object(Cake\Http\Runner))
#10 G:\xampp\htdocs\TADIEX\vendor\cakephp\cakephp\src\Http\Runner.php(51): Cake\Http\Runner->__invoke(Object(Cake\Http\ServerRequest), Object(Cake\Http\Response))
#11 G:\xampp\htdocs\TADIEX\vendor\cakephp\cakephp\src\Http\Server.php(98): Cake\Http\Runner->run(Object(Cake\Http\MiddlewareQueue), Object(Cake\Http\ServerRequest), Object(Cake\Http\Response))
#12 G:\xampp\htdocs\TADIEX\webroot\index.php(37): Cake\Http\Server->run()
#13 {main}


2018-06-25 08:03:38 Error: [Cake\Routing\Exception\MissingControllerException] Controller class Js could not be found.
Exception Attributes: array (
  'class' => 'Js',
  'plugin' => false,
  'prefix' => false,
  '_ext' => false,
)
Request URL: /js/hammer.min.js.map
Stack Trace:
#0 G:\xampp\htdocs\TADIEX\vendor\cakephp\cakephp\src\Http\ControllerFactory.php(38): Cake\Http\ControllerFactory->missingController(Object(Cake\Http\ServerRequest))
#1 G:\xampp\htdocs\TADIEX\vendor\cakephp\cakephp\src\Http\ActionDispatcher.php(90): Cake\Http\ControllerFactory->create(Object(Cake\Http\ServerRequest), Object(Cake\Http\Response))
#2 G:\xampp\htdocs\TADIEX\vendor\cakephp\cakephp\src\Http\BaseApplication.php(228): Cake\Http\ActionDispatcher->dispatch(Object(Cake\Http\ServerRequest), Object(Cake\Http\Response))
#3 G:\xampp\htdocs\TADIEX\vendor\cakephp\cakephp\src\Http\Runner.php(65): Cake\Http\BaseApplication->__invoke(Object(Cake\Http\ServerRequest), Object(Cake\Http\Response), Object(Cake\Http\Runner))
#4 G:\xampp\htdocs\TADIEX\vendor\cakephp\cakephp\src\Routing\Middleware\RoutingMiddleware.php(158): Cake\Http\Runner->__invoke(Object(Cake\Http\ServerRequest), Object(Cake\Http\Response))
#5 G:\xampp\htdocs\TADIEX\vendor\cakephp\cakephp\src\Http\Runner.php(65): Cake\Routing\Middleware\RoutingMiddleware->__invoke(Object(Cake\Http\ServerRequest), Object(Cake\Http\Response), Object(Cake\Http\Runner))
#6 G:\xampp\htdocs\TADIEX\vendor\cakephp\cakephp\src\Routing\Middleware\AssetMiddleware.php(97): Cake\Http\Runner->__invoke(Object(Cake\Http\ServerRequest), Object(Cake\Http\Response))
#7 G:\xampp\htdocs\TADIEX\vendor\cakephp\cakephp\src\Http\Runner.php(65): Cake\Routing\Middleware\AssetMiddleware->__invoke(Object(Cake\Http\ServerRequest), Object(Cake\Http\Response), Object(Cake\Http\Runner))
#8 G:\xampp\htdocs\TADIEX\vendor\cakephp\cakephp\src\Error\Middleware\ErrorHandlerMiddleware.php(98): Cake\Http\Runner->__invoke(Object(Cake\Http\ServerRequest), Object(Cake\Http\Response))
#9 G:\xampp\htdocs\TADIEX\vendor\cakephp\cakephp\src\Http\Runner.php(65): Cake\Error\Middleware\ErrorHandlerMiddleware->__invoke(Object(Cake\Http\ServerRequest), Object(Cake\Http\Response), Object(Cake\Http\Runner))
#10 G:\xampp\htdocs\TADIEX\vendor\cakephp\cakephp\src\Http\Runner.php(51): Cake\Http\Runner->__invoke(Object(Cake\Http\ServerRequest), Object(Cake\Http\Response))
#11 G:\xampp\htdocs\TADIEX\vendor\cakephp\cakephp\src\Http\Server.php(98): Cake\Http\Runner->run(Object(Cake\Http\MiddlewareQueue), Object(Cake\Http\ServerRequest), Object(Cake\Http\Response))
#12 G:\xampp\htdocs\TADIEX\webroot\index.php(37): Cake\Http\Server->run()
#13 {main}


